0 info it worked if it ends with ok
1 verbose cli [ 'node', '/usr/local/bin/npm', 'install', 'keypress' ]
2 info using npm@1.4.28
3 info using node@v0.10.32
4 warn package.json VirtualFlight_CSE198@0.0.0 No description
5 warn package.json VirtualFlight_CSE198@0.0.0 No repository field.
6 warn package.json VirtualFlight_CSE198@0.0.0 No README data
7 verbose readDependencies using package.json deps
8 verbose cache add [ 'keypress', null ]
9 verbose cache add name=undefined spec="keypress" args=["keypress",null]
10 verbose parsed url { protocol: null,
10 verbose parsed url   slashes: null,
10 verbose parsed url   auth: null,
10 verbose parsed url   host: null,
10 verbose parsed url   port: null,
10 verbose parsed url   hostname: null,
10 verbose parsed url   hash: null,
10 verbose parsed url   search: null,
10 verbose parsed url   query: null,
10 verbose parsed url   pathname: 'keypress',
10 verbose parsed url   path: 'keypress',
10 verbose parsed url   href: 'keypress' }
11 silly lockFile 41de0c3c-keypress keypress
12 verbose lock keypress /Users/Ellis/.npm/41de0c3c-keypress.lock
13 silly lockFile 41de0c3c-keypress keypress
14 silly lockFile 41de0c3c-keypress keypress
15 verbose addNamed [ 'keypress', '' ]
16 verbose addNamed [ null, '*' ]
17 silly lockFile a1f44dca-keypress keypress@
18 verbose lock keypress@ /Users/Ellis/.npm/a1f44dca-keypress.lock
19 silly addNameRange { name: 'keypress', range: '*', hasData: false }
20 verbose request where is /keypress
21 verbose request registry https://registry.npmjs.org/
22 verbose request id 20b28cb1cf8c845f
23 verbose url raw /keypress
24 verbose url resolving [ 'https://registry.npmjs.org/', './keypress' ]
25 verbose url resolved https://registry.npmjs.org/keypress
26 verbose request where is https://registry.npmjs.org/keypress
27 info trying registry request attempt 1 at 19:02:45
28 verbose etag "7VOOZT936VHZHZLELN8F0LU0L"
29 http GET https://registry.npmjs.org/keypress
30 http 200 https://registry.npmjs.org/keypress
31 silly registry.get cb [ 200,
31 silly registry.get   { date: 'Sat, 11 Apr 2015 02:02:45 GMT',
31 silly registry.get     server: 'CouchDB/1.5.0 (Erlang OTP/R16B03)',
31 silly registry.get     etag: '"8O9RUQUY2FX44R1B3MEBXQNJM"',
31 silly registry.get     'content-type': 'application/json',
31 silly registry.get     'cache-control': 'max-age=60',
31 silly registry.get     'content-length': '20496',
31 silly registry.get     'accept-ranges': 'bytes',
31 silly registry.get     via: '1.1 varnish',
31 silly registry.get     age: '45',
31 silly registry.get     'x-served-by': 'cache-lax1421-LAX',
31 silly registry.get     'x-cache': 'HIT',
31 silly registry.get     'x-cache-hits': '1',
31 silly registry.get     'x-timer': 'S1428717765.592611,VS0,VE0',
31 silly registry.get     vary: 'Accept',
31 silly registry.get     'keep-alive': 'timeout=10, max=50',
31 silly registry.get     connection: 'Keep-Alive' } ]
32 silly addNameRange number 2 { name: 'keypress', range: '*', hasData: true }
33 silly addNameRange versions [ 'keypress', [ '0.0.1', '0.0.2', '0.1.0', '0.2.0', '0.2.1' ] ]
34 verbose addNamed [ 'keypress', '0.2.1' ]
35 verbose addNamed [ '0.2.1', '0.2.1' ]
36 silly lockFile 7b921081-keypress-0-2-1 keypress@0.2.1
37 verbose lock keypress@0.2.1 /Users/Ellis/.npm/7b921081-keypress-0-2-1.lock
38 silly lockFile c56500b8--org-keypress-keypress-0-2-1-tgz https://registry.npmjs.org/keypress/-/keypress-0.2.1.tgz
39 verbose lock https://registry.npmjs.org/keypress/-/keypress-0.2.1.tgz /Users/Ellis/.npm/c56500b8--org-keypress-keypress-0-2-1-tgz.lock
40 verbose addRemoteTarball [ 'https://registry.npmjs.org/keypress/-/keypress-0.2.1.tgz',
40 verbose addRemoteTarball   '1e80454250018dbad4c3fe94497d6e67b6269c77' ]
41 info retry fetch attempt 1 at 19:02:45
42 verbose fetch to= /var/folders/55/jntxd56s3vx0w9smpg6b08s40000gn/T/npm-49424-QQ1Lwgfl/registry.npmjs.org/keypress/-/keypress-0.2.1.tgz
43 http GET https://registry.npmjs.org/keypress/-/keypress-0.2.1.tgz
44 http 200 https://registry.npmjs.org/keypress/-/keypress-0.2.1.tgz
45 silly lockFile c56500b8--org-keypress-keypress-0-2-1-tgz https://registry.npmjs.org/keypress/-/keypress-0.2.1.tgz
46 silly lockFile c56500b8--org-keypress-keypress-0-2-1-tgz https://registry.npmjs.org/keypress/-/keypress-0.2.1.tgz
47 silly lockFile 7b921081-keypress-0-2-1 keypress@0.2.1
48 silly lockFile 7b921081-keypress-0-2-1 keypress@0.2.1
49 silly lockFile a1f44dca-keypress keypress@
50 silly lockFile a1f44dca-keypress keypress@
51 error Error: EACCES, mkdir '/Users/Ellis/.npm/keypress/0.2.1'
51 error  { [Error: EACCES, mkdir '/Users/Ellis/.npm/keypress/0.2.1']
51 error   errno: 3,
51 error   code: 'EACCES',
51 error   path: '/Users/Ellis/.npm/keypress/0.2.1',
51 error   parent: 'VirtualFlight_CSE198' }
52 error Please try running this command again as root/Administrator.
53 error System Darwin 13.4.0
54 error command "node" "/usr/local/bin/npm" "install" "keypress"
55 error cwd /Users/Ellis/Documents/Projects/VirtualFlight_CSE198
56 error node -v v0.10.32
57 error npm -v 1.4.28
58 error path /Users/Ellis/.npm/keypress/0.2.1
59 error code EACCES
60 error errno 3
61 error stack Error: EACCES, mkdir '/Users/Ellis/.npm/keypress/0.2.1'
62 verbose exit [ 3, true ]
